<?xml version="1.0" encoding="UTF-8"?>
<!-- Generated by org.testng.reporters.JUnitReportReporter -->
<testsuite hostname="TYSS-Chaithra" failures="0" tests="3" name="practice.TestNGPractice" time="0.007" errors="0" timestamp="2023-03-02T12:45:37 IST" skipped="1">
  <testcase classname="practice.TestNGPractice" name="updateUser" time="0.001"/>
  <system-out/>
  <testcase classname="practice.TestNGPractice" name="deleteUser" time="0.006"/>
  <system-out/>
  <testcase classname="practice.TestNGPractice" name="createUser">
    <skipped/>
  </testcase> <!-- createUser -->
  <system-out/>
</testsuite> <!-- practice.TestNGPractice -->
