<?xml version="1.0" encoding="UTF-8"?>
<!-- Generated by org.testng.reporters.JUnitReportReporter -->
<testsuite hostname="TYSS-Chaithra" failures="0" tests="5" name="vtiger.OrganizationTests.CreateMultipleOrgWithIndustryTest" time="60.344" errors="0" timestamp="2023-03-09T13:20:37 IST" skipped="0">
  <testcase classname="vtiger.OrganizationTests.CreateMultipleOrgWithIndustryTest" name="createMultipleOrgTest" time="12.155"/>
  <system-out/>
  <testcase classname="vtiger.OrganizationTests.CreateMultipleOrgWithIndustryTest" name="createMultipleOrgTest" time="12.166"/>
  <system-out/>
  <testcase classname="vtiger.OrganizationTests.CreateMultipleOrgWithIndustryTest" name="createMultipleOrgTest" time="11.914"/>
  <system-out/>
  <testcase classname="vtiger.OrganizationTests.CreateMultipleOrgWithIndustryTest" name="createMultipleOrgTest" time="11.803"/>
  <system-out/>
  <testcase classname="vtiger.OrganizationTests.CreateMultipleOrgWithIndustryTest" name="createMultipleOrgTest" time="12.306"/>
  <system-out/>
</testsuite> <!-- vtiger.OrganizationTests.CreateMultipleOrgWithIndustryTest -->
